#
# There is insufficient memory for the Java Runtime Environment to continue.
# Native memory allocation (mmap) failed to map 536870912 bytes for G1 virtual space
# Possible reasons:
#   The system is out of physical RAM or swap space
#   The process is running with CompressedOops enabled, and the Java Heap may be blocking the growth of the native heap
# Possible solutions:
#   Reduce memory load on the system
#   Increase physical memory or swap space
#   Check if swap backing store is full
#   Decrease Java heap size (-Xmx/-Xms)
#   Decrease number of Java threads
#   Decrease Java thread stack sizes (-Xss)
#   Set larger code cache with -XX:ReservedCodeCacheSize=
#   JVM is running with Zero Based Compressed Oops mode in which the Java heap is
#     placed in the first 32GB address space. The Java Heap base address is the
#     maximum limit for the native heap growth. Please use -XX:HeapBaseMinAddress
#     to set the Java Heap base and to place the Java Heap above 32GB virtual address.
# This output file may be truncated or incomplete.
#
#  Out of Memory Error (os_windows.cpp:3617), pid=36408, tid=32868
#
# JRE version:  (17.0.8+7) (build )
# Java VM: OpenJDK 64-Bit Server VM (17.0.8+7, mixed mode, sharing, tiered, compressed oops, compressed class ptrs, g1 gc, windows-amd64)
# No core dump will be written. Minidumps are not enabled by default on client versions of Windows
#

---------------  S U M M A R Y ------------

Command Line: -Dmaven.home=EMBEDDED -Dclassworlds.conf=D:\backend_code_rcs\.metadata\.plugins\org.eclipse.m2e.launching\launches\m2conf9761508207071640419.tmp -Dmaven.multiModuleProjectDirectory=D:\backend_code_rcs\rcspushapi -Dfile.encoding=UTF-8 -XX:+ShowCodeDetailsInExceptionMessages org.codehaus.plexus.classworlds.launcher.Launcher -B -Dstyle.color=always install

Host: 11th Gen Intel(R) Core(TM) i5-1155G7 @ 2.50GHz, 8 cores, 31G,  Windows 11 , 64 bit Build 26100 (10.0.26100.7705)
Time: Fri Feb 27 16:43:00 2026 India Standard Time elapsed time: 1.092950 seconds (0d 0h 0m 1s)

---------------  T H R E A D  ---------------

Current thread (0x00000202a379e6a0):  JavaThread "Unknown thread" [_thread_in_vm, id=32868, stack(0x00000036a7e00000,0x00000036a7f00000)]

Stack: [0x00000036a7e00000,0x00000036a7f00000]
Native frames: (J=compiled Java code, j=interpreted, Vv=VM code, C=native code)
V  [jvm.dll+0x678b0a]
V  [jvm.dll+0x835e84]
V  [jvm.dll+0x83762e]
V  [jvm.dll+0x837c93]
V  [jvm.dll+0x24746f]
V  [jvm.dll+0x675859]
V  [jvm.dll+0x66a0ea]
V  [jvm.dll+0x306c7b]
V  [jvm.dll+0x30e166]
V  [jvm.dll+0x35dd3e]
V  [jvm.dll+0x35df6f]
V  [jvm.dll+0x2ddb48]
V  [jvm.dll+0x2deab4]
V  [jvm.dll+0x807f31]
V  [jvm.dll+0x36bb21]
V  [jvm.dll+0x7e733c]
V  [jvm.dll+0x3ee4af]
V  [jvm.dll+0x3f00c1]
C  [jli.dll+0x528b]
C  [ucrtbase.dll+0x37b0]
C  [KERNEL32.DLL+0x2e8d7]
C  [ntdll.dll+0x8c40c]


---------------  P R O C E S S  ---------------

Threads class SMR info:
_java_thread_list=0x00007ffe041ca018, length=0, elements={
}

Java Threads: ( => current thread )

Other Threads:
  0x00000202a3848730 GCTaskThread "GC Thread#0" [stack: 0x00000036a7f00000,0x00000036a8000000] [id=24580]
  0x00000202c8f7bf30 ConcurrentGCThread "G1 Main Marker" [stack: 0x00000036a8000000,0x00000036a8100000] [id=39352]
  0x00000202c8f7c940 ConcurrentGCThread "G1 Conc#0" [stack: 0x00000036a8100000,0x00000036a8200000] [id=46260]

[error occurred during error reporting (printing all threads), id 0xc0000005, EXCEPTION_ACCESS_VIOLATION (0xc0000005) at pc=0x00007ffe0399e587]

VM state: not at safepoint (not fully initialized)

VM Mutex/Monitor currently owned by a thread:  ([mutex/lock_event])
[0x00000202a379c180] Heap_lock - owner thread: 0x00000202a379e6a0

Heap address: 0x0000000603c00000, size: 8132 MB, Compressed Oops mode: Zero based, Oop shift amount: 3

CDS archive(s) mapped at: [0x0000000000000000-0x0000000000000000-0x0000000000000000), size 0, SharedBaseAddress: 0x0000000800000000, ArchiveRelocationMode: 1.
Narrow klass base: 0x0000000000000000, Narrow klass shift: 0, Narrow klass range: 0x0

GC Precious Log:
<Empty>

Heap:
 garbage-first heap   total 0K, used 0K [0x0000000603c00000, 0x0000000800000000)
  region size 4096K, 0 young (0K), 0 survivors (0K)

[error occurred during error reporting (printing heap information), id 0xc0000005, EXCEPTION_ACCESS_VIOLATION (0xc0000005) at pc=0x00007ffe03d82699]

GC Heap History (0 events):
No events

Dll operation events (1 events):
Event: 0.015 Loaded shared library C:\Users\Sunil\.p2\pool\plugins\org.eclipse.justj.openjdk.hotspot.jre.full.win32.x86_64_17.0.8.v20230801-1951\jre\bin\java.dll

Deoptimization events (0 events):
No events

Classes unloaded (0 events):
No events

Classes redefined (0 events):
No events

Internal exceptions (0 events):
No events

VM Operations (0 events):
No events

Events (0 events):
No events


Dynamic libraries:
0x00007ff6e2330000 - 0x00007ff6e233e000 	C:\Users\Sunil\.p2\pool\plugins\org.eclipse.justj.openjdk.hotspot.jre.full.win32.x86_64_17.0.8.v20230801-1951\jre\bin\javaw.exe
0x00007ffe75360000 - 0x00007ffe755c8000 	C:\WINDOWS\SYSTEM32\ntdll.dll
0x00007ffe73830000 - 0x00007ffe738f9000 	C:\WINDOWS\System32\KERNEL32.DLL
0x00007ffe71990000 - 0x00007ffe71d81000 	C:\WINDOWS\System32\KERNELBASE.dll
0x00007ffe72c80000 - 0x00007ffe72dcb000 	C:\WINDOWS\System32\ucrtbase.dll
0x00007ffe43b70000 - 0x00007ffe43b87000 	C:\Users\Sunil\.p2\pool\plugins\org.eclipse.justj.openjdk.hotspot.jre.full.win32.x86_64_17.0.8.v20230801-1951\jre\bin\jli.dll
0x00007ffe72dd0000 - 0x00007ffe72f96000 	C:\WINDOWS\System32\USER32.dll
0x00007ffe717a0000 - 0x00007ffe717c7000 	C:\WINDOWS\System32\win32u.dll
0x00007ffe74550000 - 0x00007ffe7457b000 	C:\WINDOWS\System32\GDI32.dll
0x00007ffe717d0000 - 0x00007ffe718fb000 	C:\WINDOWS\System32\gdi32full.dll
0x00007ffe716f0000 - 0x00007ffe71793000 	C:\WINDOWS\System32\msvcp_win.dll
0x00007ffe6c590000 - 0x00007ffe6c5a9000 	C:\Users\Sunil\.p2\pool\plugins\org.eclipse.justj.openjdk.hotspot.jre.full.win32.x86_64_17.0.8.v20230801-1951\jre\bin\VCRUNTIME140.dll
0x00007ffe51c80000 - 0x00007ffe51f13000 	C:\WINDOWS\WinSxS\amd64_microsoft.windows.common-controls_6595b64144ccf1df_6.0.26100.7824_none_3e0870b2e3345462\COMCTL32.dll
0x00007ffe73130000 - 0x00007ffe731d9000 	C:\WINDOWS\System32\msvcrt.dll
0x00007ffe730c0000 - 0x00007ffe730f1000 	C:\WINDOWS\System32\IMM32.DLL
0x00007ffe6c5f0000 - 0x00007ffe6c5fc000 	C:\Users\Sunil\.p2\pool\plugins\org.eclipse.justj.openjdk.hotspot.jre.full.win32.x86_64_17.0.8.v20230801-1951\jre\bin\vcruntime140_1.dll
0x00007ffe0e2d0000 - 0x00007ffe0e361000 	C:\Users\Sunil\.p2\pool\plugins\org.eclipse.justj.openjdk.hotspot.jre.full.win32.x86_64_17.0.8.v20230801-1951\jre\bin\msvcp140.dll
0x00007ffe036b0000 - 0x00007ffe042fc000 	C:\Users\Sunil\.p2\pool\plugins\org.eclipse.justj.openjdk.hotspot.jre.full.win32.x86_64_17.0.8.v20230801-1951\jre\bin\server\jvm.dll
0x00007ffe75260000 - 0x00007ffe75314000 	C:\WINDOWS\System32\ADVAPI32.dll
0x00007ffe743c0000 - 0x00007ffe74466000 	C:\WINDOWS\System32\sechost.dll
0x00007ffe74580000 - 0x00007ffe74698000 	C:\WINDOWS\System32\RPCRT4.dll
0x00007ffe73020000 - 0x00007ffe7302a000 	C:\WINDOWS\System32\WSOCK32.dll
0x00007ffe72fa0000 - 0x00007ffe73014000 	C:\WINDOWS\System32\WS2_32.dll
0x00007ffe73100000 - 0x00007ffe7310b000 	C:\WINDOWS\System32\VERSION.dll
0x00007ffe71460000 - 0x00007ffe714be000 	C:\WINDOWS\SYSTEM32\POWRPROF.dll
0x00007ffe68220000 - 0x00007ffe68255000 	C:\WINDOWS\SYSTEM32\WINMM.dll
0x00007ffe71440000 - 0x00007ffe71454000 	C:\WINDOWS\SYSTEM32\UMPDC.dll
0x00007ffe70380000 - 0x00007ffe7039b000 	C:\WINDOWS\SYSTEM32\kernel.appcore.dll
0x00007ffe644e0000 - 0x00007ffe644ea000 	C:\Users\Sunil\.p2\pool\plugins\org.eclipse.justj.openjdk.hotspot.jre.full.win32.x86_64_17.0.8.v20230801-1951\jre\bin\jimage.dll
0x00007ffe6f480000 - 0x00007ffe6f6c2000 	C:\WINDOWS\SYSTEM32\DBGHELP.DLL
0x00007ffe733d0000 - 0x00007ffe73756000 	C:\WINDOWS\System32\combase.dll
0x00007ffe74470000 - 0x00007ffe74547000 	C:\WINDOWS\System32\OLEAUT32.dll
0x00007ffe4bf10000 - 0x00007ffe4bf4b000 	C:\WINDOWS\SYSTEM32\dbgcore.DLL
0x00007ffe71640000 - 0x00007ffe716e5000 	C:\WINDOWS\System32\bcryptPrimitives.dll
0x00007ffe24d60000 - 0x00007ffe24d85000 	C:\Users\Sunil\.p2\pool\plugins\org.eclipse.justj.openjdk.hotspot.jre.full.win32.x86_64_17.0.8.v20230801-1951\jre\bin\java.dll
0x00007ffe39680000 - 0x00007ffe399ec000 	C:\WINDOWS\system32\DTPRTx.dll
0x00007ffe74ac0000 - 0x00007ffe75212000 	C:\WINDOWS\System32\SHELL32.dll
0x00007ffe71d90000 - 0x00007ffe71efa000 	C:\WINDOWS\System32\wintypes.dll
0x00007ffe739c0000 - 0x00007ffe73b57000 	C:\WINDOWS\System32\ole32.dll
0x00007ffe42ab0000 - 0x00007ffe42b60000 	C:\WINDOWS\SYSTEM32\WINSPOOL.DRV
0x00007ffe74850000 - 0x00007ffe74946000 	C:\WINDOWS\System32\shcore.dll
0x00007ffe5b4f0000 - 0x00007ffe5b778000 	C:\WINDOWS\SYSTEM32\WININET.dll
0x00007ffe4e490000 - 0x00007ffe4e498000 	C:\WINDOWS\SYSTEM32\MSIMG32.dll
0x00007ffe71140000 - 0x00007ffe71197000 	C:\WINDOWS\SYSTEM32\cfgmgr32.dll
0x00007ffe70620000 - 0x00007ffe70669000 	C:\WINDOWS\SYSTEM32\SspiCli.dll
0x00007ffe70c00000 - 0x00007ffe70c0c000 	C:\WINDOWS\SYSTEM32\CRYPTBASE.DLL
0x00007ffe73110000 - 0x00007ffe73118000 	C:\WINDOWS\System32\PSAPI.DLL

dbghelp: loaded successfully - version: 4.0.5 - missing functions: none
symbol engine: initialized successfully - sym options: 0x614 - pdb path: .;C:\Users\Sunil\.p2\pool\plugins\org.eclipse.justj.openjdk.hotspot.jre.full.win32.x86_64_17.0.8.v20230801-1951\jre\bin;C:\WINDOWS\SYSTEM32;C:\WINDOWS\WinSxS\amd64_microsoft.windows.common-controls_6595b64144ccf1df_6.0.26100.7824_none_3e0870b2e3345462;C:\Users\Sunil\.p2\pool\plugins\org.eclipse.justj.openjdk.hotspot.jre.full.win32.x86_64_17.0.8.v20230801-1951\jre\bin\server

VM Arguments:
jvm_args: -Dmaven.home=EMBEDDED -Dclassworlds.conf=D:\backend_code_rcs\.metadata\.plugins\org.eclipse.m2e.launching\launches\m2conf9761508207071640419.tmp -Dmaven.multiModuleProjectDirectory=D:\backend_code_rcs\rcspushapi -Dfile.encoding=UTF-8 -XX:+ShowCodeDetailsInExceptionMessages 
java_command: org.codehaus.plexus.classworlds.launcher.Launcher -B -Dstyle.color=always install
java_class_path (initial): C:\Users\Sunil\.p2\pool\plugins\org.eclipse.m2e.maven.runtime_3.8.601.20220820-1147\jars\plexus-classworlds-2.6.0.jar
Launcher Type: SUN_STANDARD

[Global flags]
     intx CICompilerCount                          = 4                                         {product} {ergonomic}
     uint ConcGCThreads                            = 2                                         {product} {ergonomic}
     uint G1ConcRefinementThreads                  = 8                                         {product} {ergonomic}
   size_t G1HeapRegionSize                         = 4194304                                   {product} {ergonomic}
    uintx GCDrainStackTargetSize                   = 64                                        {product} {ergonomic}
   size_t InitialHeapSize                          = 536870912                                 {product} {ergonomic}
   size_t MarkStackSize                            = 4194304                                   {product} {ergonomic}
   size_t MaxHeapSize                              = 8527020032                                {product} {ergonomic}
   size_t MinHeapDeltaBytes                        = 4194304                                   {product} {ergonomic}
   size_t MinHeapSize                              = 8388608                                   {product} {ergonomic}
    uintx NonNMethodCodeHeapSize                   = 5839372                                {pd product} {ergonomic}
    uintx NonProfiledCodeHeapSize                  = 122909434                              {pd product} {ergonomic}
    uintx ProfiledCodeHeapSize                     = 122909434                              {pd product} {ergonomic}
    uintx ReservedCodeCacheSize                    = 251658240                              {pd product} {ergonomic}
     bool SegmentedCodeCache                       = true                                      {product} {ergonomic}
     bool ShowCodeDetailsInExceptionMessages       = true                                   {manageable} {command line}
   size_t SoftMaxHeapSize                          = 8527020032                             {manageable} {ergonomic}
     bool UseCompressedClassPointers               = true                           {product lp64_product} {ergonomic}
     bool UseCompressedOops                        = true                           {product lp64_product} {ergonomic}
     bool UseG1GC                                  = true                                      {product} {ergonomic}
     bool UseLargePagesIndividualAllocation        = false                                  {pd product} {ergonomic}

Logging:
Log output configuration:
 #0: stdout all=warning uptime,level,tags
 #1: stderr all=off uptime,level,tags

Environment Variables:
JAVA_HOME=C:\Program Files\Java\jdk-17\bin
PATH=C:/Users/Sunil/.p2/pool/plugins/org.eclipse.justj.openjdk.hotspot.jre.full.win32.x86_64_17.0.8.v20230801-1951/jre/bin/server;C:/Users/Sunil/.p2/pool/plugins/org.eclipse.justj.openjdk.hotspot.jre.full.win32.x86_64_17.0.8.v20230801-1951/jre/bin;C:\Program Files\Common Files\Oracle\Java\javapath;C:\Program Files (x86)\Common Files\Oracle\Java\javapath;C:\WINDOWS\system32;C:\WINDOWS;C:\WINDOWS\System32\Wbem;C:\WINDOWS\System32\WindowsPowerShell\v1.0\;C:\WINDOWS\System32\OpenSSH\;C:\Program Files\TortoiseSVN\bin;C:\Program Files\Meld\;C:\Program Files\nodejs\;C:\Program Files\HP\HP One Agent;C:\WINDOWS\system32;C:\WINDOWS;C:\WINDOWS\System32\Wbem;C:\WINDOWS\System32\WindowsPowerShell\v1.0\;C:\WINDOWS\System32\OpenSSH\;C:\Program Files\PuTTY\;C:\Users\Sunil\AppData\Local\Microsoft\WindowsApps;C:\Users\Sunil\AppData\Local\Programs\Git\cmd;C:\Users\Sunil\AppData\Roaming\npm;;C:\WINDOWS\system32;
USERNAME=Sunil
OS=Windows_NT
PROCESSOR_IDENTIFIER=Intel64 Family 6 Model 140 Stepping 2, GenuineIntel
TMP=C:\Users\Sunil\AppData\Local\Temp
TEMP=C:\Users\Sunil\AppData\Local\Temp



---------------  S Y S T E M  ---------------

OS:
 Windows 11 , 64 bit Build 26100 (10.0.26100.7705)
OS uptime: 3 days 4:55 hours
Hyper-V role detected

CPU: total 8 (initial active 8) (4 cores per cpu, 2 threads per core) family 6 model 140 stepping 2 microcode 0x2c, cx8, cmov, fxsr, ht, mmx, 3dnowpref, sse, sse2, sse3, ssse3, sse4.1, sse4.2, popcnt, lzcnt, tsc, tscinvbit, avx, avx2, aes, erms, clmul, bmi1, bmi2, adx, avx512f, avx512dq, avx512cd, avx512bw, avx512vl, sha, fma, vzeroupper, avx512_vpopcntdq, avx512_vpclmulqdq, avx512_vaes, avx512_vnni, clflush, clflushopt, clwb, avx512_vbmi2, avx512_vbmi, hv
Processor Information for processor 0
  Max Mhz: 2496, Current Mhz: 998, Mhz Limit: 2496
Processor Information for processor 1
  Max Mhz: 2496, Current Mhz: 998, Mhz Limit: 2496
Processor Information for processor 2
  Max Mhz: 2496, Current Mhz: 2496, Mhz Limit: 2496
Processor Information for processor 3
  Max Mhz: 2496, Current Mhz: 2496, Mhz Limit: 2496
Processor Information for processor 4
  Max Mhz: 2496, Current Mhz: 2496, Mhz Limit: 2496
Processor Information for processor 5
  Max Mhz: 2496, Current Mhz: 2496, Mhz Limit: 2496
Processor Information for processor 6
  Max Mhz: 2496, Current Mhz: 2496, Mhz Limit: 2496
Processor Information for processor 7
  Max Mhz: 2496, Current Mhz: 2496, Mhz Limit: 2496

Memory: 4k page, system-wide physical 32517M (16082M free)
TotalPageFile size 72093M (AvailPageFile size 473M)
current process WorkingSet (physical memory assigned to process): 17M, peak: 17M
current process commit charge ("private bytes"): 62M, peak: 574M

vm_info: OpenJDK 64-Bit Server VM (17.0.8+7) for windows-amd64 JRE (17.0.8+7), built on Jul 18 2023 21:02:32 by "admin" with MS VC++ 16.7 (VS2019)

END.
